  main.cpp
C:\Users\razvan\Desktop\Physics Newtonian Mechanics Simulator\main.cpp(158,61): warning C4244: 'argument': conversion from 'double' to 'GLfloat', possible loss of data
C:\Users\razvan\Desktop\Physics Newtonian Mechanics Simulator\main.cpp(158,48): warning C4244: 'argument': conversion from 'double' to 'GLfloat', possible loss of data
C:\Users\razvan\Desktop\Physics Newtonian Mechanics Simulator\main.cpp(158,37): warning C4244: 'argument': conversion from 'double' to 'GLfloat', possible loss of data
C:\Users\razvan\Desktop\Physics Newtonian Mechanics Simulator\main.cpp(285,61): warning C4244: 'argument': conversion from 'double' to 'GLfloat', possible loss of data
C:\Users\razvan\Desktop\Physics Newtonian Mechanics Simulator\main.cpp(285,48): warning C4244: 'argument': conversion from 'double' to 'GLfloat', possible loss of data
C:\Users\razvan\Desktop\Physics Newtonian Mechanics Simulator\main.cpp(285,37): warning C4244: 'argument': conversion from 'double' to 'GLfloat', possible loss of data
C:\Users\razvan\Desktop\Physics Newtonian Mechanics Simulator\main.cpp(323,23): warning C4018: '<': signed/unsigned mismatch
C:\Users\razvan\Desktop\Physics Newtonian Mechanics Simulator\main.cpp(329,23): warning C4018: '<': signed/unsigned mismatch
C:\Users\razvan\Desktop\Physics Newtonian Mechanics Simulator\main.cpp(351,23): warning C4018: '<': signed/unsigned mismatch
C:\Users\razvan\Desktop\Physics Newtonian Mechanics Simulator\main.cpp(366,35): warning C4018: '<': signed/unsigned mismatch
C:\Users\razvan\Desktop\Physics Newtonian Mechanics Simulator\main.cpp(405,23): warning C4018: '<': signed/unsigned mismatch
C:\Users\razvan\Desktop\Physics Newtonian Mechanics Simulator\main.cpp(439,23): warning C4018: '<': signed/unsigned mismatch
C:\Users\razvan\Desktop\Physics Newtonian Mechanics Simulator\main.cpp(464,23): warning C4018: '<': signed/unsigned mismatch
C:\Users\razvan\Desktop\Physics Newtonian Mechanics Simulator\main.cpp(466,31): warning C4018: '<': signed/unsigned mismatch
C:\Users\razvan\Desktop\Physics Newtonian Mechanics Simulator\main.cpp(507,23): warning C4018: '<': signed/unsigned mismatch
C:\Users\razvan\Desktop\Physics Newtonian Mechanics Simulator\main.cpp(509,27): warning C4018: '<': signed/unsigned mismatch
C:\Users\razvan\Desktop\Physics Newtonian Mechanics Simulator\main.cpp(561,23): warning C4018: '<': signed/unsigned mismatch
C:\Users\razvan\Desktop\Physics Newtonian Mechanics Simulator\main.cpp(604,57): warning C4244: 'argument': conversion from 'const double' to 'int', possible loss of data
C:\Users\razvan\Desktop\Physics Newtonian Mechanics Simulator\main.cpp(604,43): warning C4244: 'argument': conversion from 'const double' to 'int', possible loss of data
C:\Users\razvan\Desktop\Physics Newtonian Mechanics Simulator\main.cpp(683,23): warning C4018: '<': signed/unsigned mismatch
C:\Users\razvan\Desktop\Physics Newtonian Mechanics Simulator\main.cpp(686,23): warning C4018: '<': signed/unsigned mismatch
  Generating code
  Previous IPDB not found, fall back to full compilation.
  All 176 functions were compiled because no usable IPDB/IOBJ from previous compilation was found.
  Finished generating code
  Physics Newtonian Mechanics Simulator.vcxproj -> C:\Users\razvan\Desktop\Physics Newtonian Mechanics Simulator\Release\Physics Newtonian Mechanics Simulator.exe
